{
"/Users/Mono/Work/private/hapijs-seed-mvc/src/controllers/base.controller.js":{"path":"/Users/Mono/Work/private/hapijs-seed-mvc/src/controllers/base.controller.js","s":{"18":1,"25":1,"26":1,"27":21,"29":21,"30":21,"32":10,"33":2,"34":8},"f":{"7":21,"8":10},"l":{"1":1,"13":1,"20":21,"21":21,"22":21,"36":10,"37":2,"40":8},"b":{"8":[1,20],"9":[21,20],"10":[2,8],"11":[10,1,9]},"statementMap":{"18":{"start":{"line":1,"column":0},"end":{"line":null,"column":null}},"25":{"start":{"line":13,"column":14},"end":{"line":null,"column":null}},"26":{"start":{"line":20,"column":32},"end":{"line":null,"column":null}},"27":{"start":{"line":20,"column":14},"end":{"line":null,"column":null}},"29":{"start":{"line":21,"column":9},"end":{"line":null,"column":null}},"30":{"start":{"line":22,"column":9},"end":{"line":null,"column":null}},"32":{"start":{"line":36,"column":9},"end":{"line":null,"column":null}},"33":{"start":{"line":37,"column":12},"end":{"line":null,"column":null}},"34":{"start":{"line":40,"column":12},"end":{"line":null,"column":null}}},"fnMap":{"7":{"name":"BaseController","line":20,"loc":{"start":{"line":20,"column":32},"end":{"line":20,"column":32}}},"8":{"name":"replyOnResponse","line":35,"loc":{"start":{"line":35,"column":18},"end":{"line":35,"column":35}}}},"branchMap":{"8":{"line":20,"type":"cond-expr","locations":[{"start":{"line":20,"column":28},"end":{"line":20,"column":32}},{"start":{"line":0,"column":0},"end":{"line":0,"column":0},"skip":true}]},"9":{"line":20,"type":"binary-expr","locations":[{"start":{"line":20,"column":28},"end":{"line":20,"column":28}},{"start":{"line":20,"column":28},"end":{"line":20,"column":28}}]},"10":{"line":36,"type":"if","locations":[{"start":{"line":36,"column":9},"end":{"line":36,"column":9}},{"start":{"line":36,"column":9},"end":{"line":36,"column":9}}]},"11":{"line":36,"type":"binary-expr","locations":[{"start":{"line":36,"column":9},"end":{"line":36,"column":36}},{"start":{"line":36,"column":36},"end":{"line":36,"column":8}},{"start":{"line":36,"column":56},"end":{"line":36,"column":4}}]}}},
"/Users/Mono/Work/private/hapijs-seed-mvc/src/controllers/main.controller.js":{"path":"/Users/Mono/Work/private/hapijs-seed-mvc/src/controllers/main.controller.js","s":{"18":1,"22":1,"23":1,"25":3,"27":1},"f":{"6":3,"7":1},"l":{"1":1,"7":1,"12":1,"13":3,"20":1},"b":{},"statementMap":{"18":{"start":{"line":1,"column":0},"end":{"line":null,"column":null}},"22":{"start":{"line":7,"column":13},"end":{"line":null,"column":null}},"23":{"start":{"line":12,"column":16},"end":{"line":null,"column":null}},"25":{"start":{"line":13,"column":9},"end":{"line":null,"column":null}},"27":{"start":{"line":20,"column":9},"end":{"line":null,"column":null}}},"fnMap":{"6":{"name":"MainController","line":12,"loc":{"start":{"line":12,"column":16},"end":{"line":12,"column":16}}},"7":{"name":"healthcheck","line":19,"loc":{"start":{"line":19,"column":14},"end":{"line":19,"column":30}}}},"branchMap":{}},
"/Users/Mono/Work/private/hapijs-seed-mvc/src/models/Main.js":{"path":"/Users/Mono/Work/private/hapijs-seed-mvc/src/models/Main.js","s":{"18":1,"19":1,"20":1,"44":1,"46":1,"48":6,"51":2,"52":2,"53":2,"54":1,"55":1,"56":1,"57":1,"58":1,"59":2},"f":{"9":6,"10":2,"11":1,"12":1},"l":{"1":1,"2":1,"7":1,"12":1,"13":6,"22":2,"23":2,"30":2,"33":1,"34":1,"39":1,"42":1,"47":1,"50":2},"b":{},"statementMap":{"18":{"start":{"line":1,"column":0},"end":{"line":null,"column":null}},"19":{"start":{"line":1,"column":12},"end":{"line":null,"column":null}},"20":{"start":{"line":2,"column":0},"end":{"line":null,"column":null}},"44":{"start":{"line":7,"column":13},"end":{"line":null,"column":null}},"46":{"start":{"line":12,"column":16},"end":{"line":null,"column":null}},"48":{"start":{"line":13,"column":10},"end":{"line":null,"column":null}},"51":{"start":{"line":22,"column":8},"end":{"line":null,"column":null}},"52":{"start":{"line":23,"column":8},"end":{"line":null,"column":null}},"53":{"start":{"line":30,"column":9},"end":{"line":null,"column":null}},"54":{"start":{"line":33,"column":17},"end":{"line":null,"column":null}},"55":{"start":{"line":34,"column":17},"end":{"line":null,"column":null}},"56":{"start":{"line":39,"column":17},"end":{"line":null,"column":null}},"57":{"start":{"line":42,"column":17},"end":{"line":null,"column":null}},"58":{"start":{"line":47,"column":17},"end":{"line":null,"column":null}},"59":{"start":{"line":50,"column":11},"end":{"line":null,"column":null}}},"fnMap":{"9":{"name":"Main","line":12,"loc":{"start":{"line":12,"column":16},"end":{"line":12,"column":16}}},"10":{"name":"doHealthcheck","line":21,"loc":{"start":{"line":21,"column":18},"end":{"line":21,"column":18}}},"11":{"name":"(anonymous_11)","line":31,"loc":{"start":{"line":31,"column":12},"end":{"line":31,"column":18}}},"12":{"name":"(anonymous_12)","line":41,"loc":{"start":{"line":41,"column":13},"end":{"line":41,"column":19}}}},"branchMap":{}},
"/Users/Mono/Work/private/hapijs-seed-mvc/src/models/BaseModel.RDMS.js":{"path":"/Users/Mono/Work/private/hapijs-seed-mvc/src/models/BaseModel.RDMS.js","s":{"18":1,"20":1,"27":1,"28":1,"29":59,"31":59,"32":1,"33":58,"34":58,"35":58,"36":58,"38":1,"39":3,"40":1,"41":2,"42":2,"43":4,"44":3,"45":4,"46":4,"47":3,"48":1,"50":2,"51":1,"52":2,"53":2,"54":1,"55":1,"56":2,"57":1,"58":1,"59":4,"60":4,"61":4,"62":4,"63":3,"64":4,"65":4},"f":{"7":59,"8":1,"9":3,"10":2,"11":4,"12":2,"13":2,"14":1,"15":1,"16":2,"17":4},"l":{"1":1,"2":1,"28":1,"38":59,"39":59,"40":1,"43":58,"44":58,"45":58,"46":58,"55":1,"68":3,"69":1,"72":2,"83":2,"96":4,"97":3,"100":4,"102":4,"104":3,"107":1,"121":2,"122":1,"125":2,"128":2,"140":1,"155":1,"164":2,"165":1,"168":1,"187":4,"188":4,"189":4,"191":4,"192":3,"195":4,"196":4},"b":{"8":[58,1],"9":[59,1],"10":[1,58],"11":[1,2],"12":[3,1],"13":[3,1],"14":[1,1],"15":[1,1],"16":[3,1],"17":[4,1],"18":[3,1]},"statementMap":{"18":{"start":{"line":1,"column":0},"end":{"line":null,"column":null}},"20":{"start":{"line":2,"column":0},"end":{"line":null,"column":null}},"27":{"start":{"line":28,"column":13},"end":{"line":null,"column":null}},"28":{"start":{"line":38,"column":14},"end":{"line":null,"column":null}},"29":{"start":{"line":38,"column":25},"end":{"line":null,"column":null}},"31":{"start":{"line":39,"column":8},"end":{"line":null,"column":null}},"32":{"start":{"line":40,"column":12},"end":{"line":null,"column":null}},"33":{"start":{"line":43,"column":9},"end":{"line":null,"column":null}},"34":{"start":{"line":44,"column":9},"end":{"line":null,"column":null}},"35":{"start":{"line":45,"column":9},"end":{"line":null,"column":null}},"36":{"start":{"line":46,"column":9},"end":{"line":null,"column":null}},"38":{"start":{"line":55,"column":11},"end":{"line":null,"column":null}},"39":{"start":{"line":68,"column":8},"end":{"line":null,"column":null}},"40":{"start":{"line":69,"column":13},"end":{"line":null,"column":null}},"41":{"start":{"line":72,"column":11},"end":{"line":null,"column":null}},"42":{"start":{"line":83,"column":11},"end":{"line":null,"column":null}},"43":{"start":{"line":96,"column":8},"end":{"line":null,"column":null}},"44":{"start":{"line":97,"column":13},"end":{"line":null,"column":null}},"45":{"start":{"line":100,"column":8},"end":{"line":null,"column":null}},"46":{"start":{"line":102,"column":8},"end":{"line":null,"column":null}},"47":{"start":{"line":104,"column":13},"end":{"line":null,"column":null}},"48":{"start":{"line":107,"column":11},"end":{"line":null,"column":null}},"50":{"start":{"line":121,"column":8},"end":{"line":null,"column":null}},"51":{"start":{"line":122,"column":13},"end":{"line":null,"column":null}},"52":{"start":{"line":125,"column":11},"end":{"line":null,"column":null}},"53":{"start":{"line":128,"column":18},"end":{"line":null,"column":null}},"54":{"start":{"line":140,"column":11},"end":{"line":null,"column":null}},"55":{"start":{"line":155,"column":11},"end":{"line":null,"column":null}},"56":{"start":{"line":164,"column":8},"end":{"line":null,"column":null}},"57":{"start":{"line":165,"column":13},"end":{"line":null,"column":null}},"58":{"start":{"line":168,"column":11},"end":{"line":null,"column":null}},"59":{"start":{"line":187,"column":23},"end":{"line":null,"column":null}},"60":{"start":{"line":188,"column":8},"end":{"line":null,"column":null}},"61":{"start":{"line":189,"column":8},"end":{"line":null,"column":null}},"62":{"start":{"line":191,"column":8},"end":{"line":null,"column":null}},"63":{"start":{"line":192,"column":14},"end":{"line":null,"column":null}},"64":{"start":{"line":195,"column":12},"end":{"line":null,"column":null}},"65":{"start":{"line":196,"column":11},"end":{"line":null,"column":null}}},"fnMap":{"7":{"name":"BaseModelRDMS","line":38,"loc":{"start":{"line":38,"column":14},"end":{"line":38,"column":47}}},"8":{"name":"findAll","line":54,"loc":{"start":{"line":54,"column":12},"end":{"line":54,"column":12}}},"9":{"name":"findBy","line":67,"loc":{"start":{"line":67,"column":9},"end":{"line":67,"column":23}}},"10":{"name":"findById","line":82,"loc":{"start":{"line":82,"column":11},"end":{"line":82,"column":15}}},"11":{"name":"save","line":95,"loc":{"start":{"line":95,"column":7},"end":{"line":95,"column":13}}},"12":{"name":"update","line":120,"loc":{"start":{"line":120,"column":9},"end":{"line":120,"column":19}}},"13":{"name":"(anonymous_13)","line":128,"loc":{"start":{"line":128,"column":12},"end":{"line":null,"column":null}}},"14":{"name":"remove","line":139,"loc":{"start":{"line":139,"column":9},"end":{"line":139,"column":13}}},"15":{"name":"del","line":154,"loc":{"start":{"line":154,"column":6},"end":{"line":154,"column":10}}},"16":{"name":"now","line":163,"loc":{"start":{"line":163,"column":8},"end":{"line":163,"column":8}}},"17":{"name":"_setTimestamps","line":187,"loc":{"start":{"line":187,"column":17},"end":{"line":187,"column":44}}}},"branchMap":{"8":{"line":38,"type":"cond-expr","locations":[{"start":{"line":38,"column":41},"end":{"line":38,"column":47}},{"start":{"line":0,"column":0},"end":{"line":0,"column":0},"skip":true}]},"9":{"line":38,"type":"binary-expr","locations":[{"start":{"line":38,"column":41},"end":{"line":38,"column":41}},{"start":{"line":38,"column":41},"end":{"line":38,"column":41}}]},"10":{"line":39,"type":"if","locations":[{"start":{"line":39,"column":8},"end":{"line":39,"column":8}},{"start":{"line":39,"column":8},"end":{"line":39,"column":8}}]},"11":{"line":68,"type":"if","locations":[{"start":{"line":68,"column":8},"end":{"line":68,"column":8}},{"start":{"line":68,"column":8},"end":{"line":68,"column":8}}]},"12":{"line":96,"type":"if","locations":[{"start":{"line":96,"column":8},"end":{"line":96,"column":8}},{"start":{"line":96,"column":8},"end":{"line":96,"column":8}}]},"13":{"line":102,"type":"if","locations":[{"start":{"line":102,"column":8},"end":{"line":102,"column":8}},{"start":{"line":102,"column":8},"end":{"line":102,"column":8}}]},"14":{"line":121,"type":"if","locations":[{"start":{"line":121,"column":8},"end":{"line":121,"column":8}},{"start":{"line":121,"column":8},"end":{"line":121,"column":8}}]},"15":{"line":164,"type":"if","locations":[{"start":{"line":164,"column":8},"end":{"line":164,"column":8}},{"start":{"line":164,"column":8},"end":{"line":164,"column":8}}]},"16":{"line":187,"type":"cond-expr","locations":[{"start":{"line":187,"column":38},"end":{"line":187,"column":44}},{"start":{"line":0,"column":0},"end":{"line":0,"column":0},"skip":true}]},"17":{"line":187,"type":"binary-expr","locations":[{"start":{"line":187,"column":38},"end":{"line":187,"column":38}},{"start":{"line":187,"column":38},"end":{"line":187,"column":38}}]},"18":{"line":191,"type":"if","locations":[{"start":{"line":191,"column":8},"end":{"line":191,"column":8}},{"start":{"line":191,"column":8},"end":{"line":191,"column":8}}]}}},
"/Users/Mono/Work/private/hapijs-seed-mvc/src/controllers/todo_lists.controller.js":{"path":"/Users/Mono/Work/private/hapijs-seed-mvc/src/controllers/todo_lists.controller.js","s":{"18":1,"19":1,"33":1,"35":1,"37":8,"38":8,"39":8,"43":1,"44":1,"45":1,"47":1,"48":1,"49":1,"50":1,"52":1,"53":1,"54":1,"55":1,"57":1,"58":1,"59":1,"60":1,"62":1,"63":1,"64":1,"65":1,"67":1,"68":1,"69":1,"70":1},"f":{"8":8,"9":1,"10":1,"11":1,"12":1,"13":1,"14":1,"15":1,"16":1,"17":1,"18":1,"19":1,"20":1,"21":1,"22":1,"23":1,"24":1,"25":1,"26":1},"l":{"1":1,"2":1,"8":1,"13":1,"14":8,"16":8,"17":8,"24":1,"25":1,"26":1,"33":1,"35":1,"36":1,"37":1,"44":1,"46":1,"47":1,"48":1,"55":1,"57":1,"58":1,"59":1,"66":1,"69":1,"70":1,"71":1,"78":1,"80":1,"81":1,"82":1},"b":{},"statementMap":{"18":{"start":{"line":1,"column":0},"end":{"line":null,"column":null}},"19":{"start":{"line":2,"column":0},"end":{"line":null,"column":null}},"33":{"start":{"line":8,"column":13},"end":{"line":null,"column":null}},"35":{"start":{"line":13,"column":16},"end":{"line":null,"column":null}},"37":{"start":{"line":14,"column":8},"end":{"line":null,"column":null}},"38":{"start":{"line":16,"column":10},"end":{"line":null,"column":null}},"39":{"start":{"line":17,"column":9},"end":{"line":null,"column":null}},"43":{"start":{"line":24,"column":9},"end":{"line":null,"column":null}},"44":{"start":{"line":25,"column":26},"end":{"line":null,"column":null}},"45":{"start":{"line":26,"column":22},"end":{"line":null,"column":null}},"47":{"start":{"line":33,"column":8},"end":{"line":null,"column":null}},"48":{"start":{"line":35,"column":9},"end":{"line":null,"column":null}},"49":{"start":{"line":36,"column":26},"end":{"line":null,"column":null}},"50":{"start":{"line":37,"column":22},"end":{"line":null,"column":null}},"52":{"start":{"line":44,"column":8},"end":{"line":null,"column":null}},"53":{"start":{"line":46,"column":9},"end":{"line":null,"column":null}},"54":{"start":{"line":47,"column":26},"end":{"line":null,"column":null}},"55":{"start":{"line":48,"column":22},"end":{"line":null,"column":null}},"57":{"start":{"line":55,"column":8},"end":{"line":null,"column":null}},"58":{"start":{"line":57,"column":9},"end":{"line":null,"column":null}},"59":{"start":{"line":58,"column":26},"end":{"line":null,"column":null}},"60":{"start":{"line":59,"column":22},"end":{"line":null,"column":null}},"62":{"start":{"line":66,"column":8},"end":{"line":null,"column":null}},"63":{"start":{"line":69,"column":9},"end":{"line":null,"column":null}},"64":{"start":{"line":70,"column":26},"end":{"line":null,"column":null}},"65":{"start":{"line":71,"column":22},"end":{"line":null,"column":null}},"67":{"start":{"line":78,"column":8},"end":{"line":null,"column":null}},"68":{"start":{"line":80,"column":9},"end":{"line":null,"column":null}},"69":{"start":{"line":81,"column":26},"end":{"line":null,"column":null}},"70":{"start":{"line":82,"column":22},"end":{"line":null,"column":null}}},"fnMap":{"8":{"name":"ToDoListsController","line":13,"loc":{"start":{"line":13,"column":16},"end":{"line":13,"column":16}}},"9":{"name":"index","line":23,"loc":{"start":{"line":23,"column":8},"end":{"line":23,"column":24}}},"10":{"name":"(anonymous_10)","line":25,"loc":{"start":{"line":25,"column":12},"end":{"line":null,"column":null}}},"11":{"name":"(anonymous_11)","line":26,"loc":{"start":{"line":26,"column":13},"end":{"line":null,"column":null}}},"12":{"name":"view","line":32,"loc":{"start":{"line":32,"column":7},"end":{"line":32,"column":23}}},"13":{"name":"(anonymous_13)","line":36,"loc":{"start":{"line":36,"column":12},"end":{"line":null,"column":null}}},"14":{"name":"(anonymous_14)","line":37,"loc":{"start":{"line":37,"column":13},"end":{"line":null,"column":null}}},"15":{"name":"viewAll","line":43,"loc":{"start":{"line":43,"column":10},"end":{"line":43,"column":26}}},"16":{"name":"(anonymous_16)","line":47,"loc":{"start":{"line":47,"column":12},"end":{"line":null,"column":null}}},"17":{"name":"(anonymous_17)","line":48,"loc":{"start":{"line":48,"column":13},"end":{"line":null,"column":null}}},"18":{"name":"create","line":54,"loc":{"start":{"line":54,"column":9},"end":{"line":54,"column":25}}},"19":{"name":"(anonymous_19)","line":58,"loc":{"start":{"line":58,"column":12},"end":{"line":null,"column":null}}},"20":{"name":"(anonymous_20)","line":59,"loc":{"start":{"line":59,"column":13},"end":{"line":null,"column":null}}},"21":{"name":"update","line":65,"loc":{"start":{"line":65,"column":9},"end":{"line":65,"column":25}}},"22":{"name":"(anonymous_22)","line":70,"loc":{"start":{"line":70,"column":12},"end":{"line":null,"column":null}}},"23":{"name":"(anonymous_23)","line":71,"loc":{"start":{"line":71,"column":13},"end":{"line":null,"column":null}}},"24":{"name":"remove","line":77,"loc":{"start":{"line":77,"column":9},"end":{"line":77,"column":25}}},"25":{"name":"(anonymous_25)","line":81,"loc":{"start":{"line":81,"column":12},"end":{"line":null,"column":null}}},"26":{"name":"(anonymous_26)","line":82,"loc":{"start":{"line":82,"column":13},"end":{"line":null,"column":null}}}},"branchMap":{}},
"/Users/Mono/Work/private/hapijs-seed-mvc/src/models/ToDoList.js":{"path":"/Users/Mono/Work/private/hapijs-seed-mvc/src/models/ToDoList.js","s":{"18":1,"19":1,"33":1,"35":1,"37":13,"38":13,"39":13,"43":2,"44":2,"45":1,"46":1,"47":1,"48":1},"f":{"8":13,"9":2,"10":2,"11":1},"l":{"1":1,"2":1,"8":1,"13":1,"14":13,"15":13,"17":13,"28":2,"29":2,"30":1,"31":1,"32":1,"36":1},"b":{"14":[1,1]},"statementMap":{"18":{"start":{"line":1,"column":0},"end":{"line":null,"column":null}},"19":{"start":{"line":2,"column":0},"end":{"line":null,"column":null}},"33":{"start":{"line":8,"column":13},"end":{"line":null,"column":null}},"35":{"start":{"line":13,"column":16},"end":{"line":null,"column":null}},"37":{"start":{"line":14,"column":8},"end":{"line":null,"column":null}},"38":{"start":{"line":15,"column":10},"end":{"line":null,"column":null}},"39":{"start":{"line":17,"column":9},"end":{"line":null,"column":null}},"43":{"start":{"line":28,"column":11},"end":{"line":null,"column":null}},"44":{"start":{"line":29,"column":10},"end":{"line":null,"column":null}},"45":{"start":{"line":30,"column":15},"end":{"line":null,"column":null}},"46":{"start":{"line":31,"column":19},"end":{"line":null,"column":null}},"47":{"start":{"line":32,"column":17},"end":{"line":null,"column":null}},"48":{"start":{"line":36,"column":13},"end":{"line":null,"column":null}}},"fnMap":{"8":{"name":"ToDoList","line":13,"loc":{"start":{"line":13,"column":16},"end":{"line":13,"column":16}}},"9":{"name":"findByIdWithToDos","line":27,"loc":{"start":{"line":27,"column":20},"end":{"line":27,"column":24}}},"10":{"name":"(anonymous_10)","line":28,"loc":{"start":{"line":28,"column":34},"end":{"line":28,"column":48}}},"11":{"name":"(anonymous_11)","line":30,"loc":{"start":{"line":30,"column":57},"end":{"line":30,"column":68}}}},"branchMap":{"14":{"line":29,"type":"if","locations":[{"start":{"line":29,"column":10},"end":{"line":29,"column":10}},{"start":{"line":29,"column":10},"end":{"line":29,"column":10}}]}}},
"/Users/Mono/Work/private/hapijs-seed-mvc/src/models/ToDo.js":{"path":"/Users/Mono/Work/private/hapijs-seed-mvc/src/models/ToDo.js","s":{"3":1,"17":1,"19":1,"21":22,"22":22},"f":{"5":22},"l":{"1":1,"7":1,"12":1,"13":22,"14":22},"b":{},"statementMap":{"3":{"start":{"line":1,"column":0},"end":{"line":null,"column":null}},"17":{"start":{"line":7,"column":13},"end":{"line":null,"column":null}},"19":{"start":{"line":12,"column":16},"end":{"line":null,"column":null}},"21":{"start":{"line":13,"column":8},"end":{"line":null,"column":null}},"22":{"start":{"line":14,"column":10},"end":{"line":null,"column":null}}},"fnMap":{"5":{"name":"ToDo","line":12,"loc":{"start":{"line":12,"column":16},"end":{"line":12,"column":16}}}},"branchMap":{}},
"/Users/Mono/Work/private/hapijs-seed-mvc/src/controllers/todos.controller.js":{"path":"/Users/Mono/Work/private/hapijs-seed-mvc/src/controllers/todos.controller.js","s":{"18":1,"19":1,"33":1,"35":1,"37":7,"38":7,"39":7,"43":1,"44":1,"45":1,"47":1,"48":1,"49":1,"50":1,"52":1,"53":1,"54":1,"55":1,"57":1,"58":1,"59":1,"60":1,"62":1,"63":1,"64":1,"65":1},"f":{"8":7,"9":1,"10":1,"11":1,"12":1,"13":1,"14":1,"15":1,"16":1,"17":1,"18":1,"19":1,"20":1,"21":1,"22":1,"23":1},"l":{"1":1,"2":1,"8":1,"13":1,"14":7,"16":7,"17":7,"24":1,"25":1,"26":1,"33":1,"35":1,"36":1,"37":1,"44":1,"46":1,"47":1,"48":1,"55":1,"58":1,"59":1,"60":1,"67":1,"69":1,"70":1,"71":1},"b":{},"statementMap":{"18":{"start":{"line":1,"column":0},"end":{"line":null,"column":null}},"19":{"start":{"line":2,"column":0},"end":{"line":null,"column":null}},"33":{"start":{"line":8,"column":13},"end":{"line":null,"column":null}},"35":{"start":{"line":13,"column":16},"end":{"line":null,"column":null}},"37":{"start":{"line":14,"column":8},"end":{"line":null,"column":null}},"38":{"start":{"line":16,"column":10},"end":{"line":null,"column":null}},"39":{"start":{"line":17,"column":9},"end":{"line":null,"column":null}},"43":{"start":{"line":24,"column":9},"end":{"line":null,"column":null}},"44":{"start":{"line":25,"column":26},"end":{"line":null,"column":null}},"45":{"start":{"line":26,"column":22},"end":{"line":null,"column":null}},"47":{"start":{"line":33,"column":8},"end":{"line":null,"column":null}},"48":{"start":{"line":35,"column":9},"end":{"line":null,"column":null}},"49":{"start":{"line":36,"column":26},"end":{"line":null,"column":null}},"50":{"start":{"line":37,"column":22},"end":{"line":null,"column":null}},"52":{"start":{"line":44,"column":8},"end":{"line":null,"column":null}},"53":{"start":{"line":46,"column":9},"end":{"line":null,"column":null}},"54":{"start":{"line":47,"column":26},"end":{"line":null,"column":null}},"55":{"start":{"line":48,"column":22},"end":{"line":null,"column":null}},"57":{"start":{"line":55,"column":8},"end":{"line":null,"column":null}},"58":{"start":{"line":58,"column":9},"end":{"line":null,"column":null}},"59":{"start":{"line":59,"column":26},"end":{"line":null,"column":null}},"60":{"start":{"line":60,"column":22},"end":{"line":null,"column":null}},"62":{"start":{"line":67,"column":8},"end":{"line":null,"column":null}},"63":{"start":{"line":69,"column":9},"end":{"line":null,"column":null}},"64":{"start":{"line":70,"column":26},"end":{"line":null,"column":null}},"65":{"start":{"line":71,"column":22},"end":{"line":null,"column":null}}},"fnMap":{"8":{"name":"ToDosController","line":13,"loc":{"start":{"line":13,"column":16},"end":{"line":13,"column":16}}},"9":{"name":"index","line":23,"loc":{"start":{"line":23,"column":8},"end":{"line":23,"column":24}}},"10":{"name":"(anonymous_10)","line":25,"loc":{"start":{"line":25,"column":12},"end":{"line":null,"column":null}}},"11":{"name":"(anonymous_11)","line":26,"loc":{"start":{"line":26,"column":13},"end":{"line":null,"column":null}}},"12":{"name":"view","line":32,"loc":{"start":{"line":32,"column":7},"end":{"line":32,"column":23}}},"13":{"name":"(anonymous_13)","line":36,"loc":{"start":{"line":36,"column":12},"end":{"line":null,"column":null}}},"14":{"name":"(anonymous_14)","line":37,"loc":{"start":{"line":37,"column":13},"end":{"line":null,"column":null}}},"15":{"name":"create","line":43,"loc":{"start":{"line":43,"column":9},"end":{"line":43,"column":25}}},"16":{"name":"(anonymous_16)","line":47,"loc":{"start":{"line":47,"column":12},"end":{"line":null,"column":null}}},"17":{"name":"(anonymous_17)","line":48,"loc":{"start":{"line":48,"column":13},"end":{"line":null,"column":null}}},"18":{"name":"update","line":54,"loc":{"start":{"line":54,"column":9},"end":{"line":54,"column":25}}},"19":{"name":"(anonymous_19)","line":59,"loc":{"start":{"line":59,"column":12},"end":{"line":null,"column":null}}},"20":{"name":"(anonymous_20)","line":60,"loc":{"start":{"line":60,"column":13},"end":{"line":null,"column":null}}},"21":{"name":"remove","line":66,"loc":{"start":{"line":66,"column":9},"end":{"line":66,"column":25}}},"22":{"name":"(anonymous_22)","line":70,"loc":{"start":{"line":70,"column":12},"end":{"line":null,"column":null}}},"23":{"name":"(anonymous_23)","line":71,"loc":{"start":{"line":71,"column":13},"end":{"line":null,"column":null}}}},"branchMap":{}},
"/Users/Mono/Work/private/hapijs-seed-mvc/src/routes/base.routes.js":{"path":"/Users/Mono/Work/private/hapijs-seed-mvc/src/routes/base.routes.js","s":{"18":1,"19":1,"33":1,"34":1,"35":13,"37":13,"38":1,"39":12,"40":12,"41":12,"43":4,"44":3,"45":4,"46":4,"47":3,"48":3,"49":3,"50":3,"51":3,"52":3,"53":17,"54":1},"f":{"7":13,"8":4,"9":4,"10":3,"11":3,"12":3,"13":17},"l":{"1":1,"23":1,"33":13,"34":13,"35":1,"38":12,"39":12,"40":12,"49":4,"51":3,"68":4,"70":4,"92":3,"94":3,"114":3,"116":3,"140":3,"142":3,"166":17,"167":1},"b":{"10":[3,10],"11":[13,10],"12":[1,12],"13":[1,16]},"statementMap":{"18":{"start":{"line":1,"column":0},"end":{"line":null,"column":null}},"19":{"start":{"line":1,"column":12},"end":{"line":null,"column":null}},"33":{"start":{"line":23,"column":13},"end":{"line":null,"column":null}},"34":{"start":{"line":33,"column":14},"end":{"line":null,"column":null}},"35":{"start":{"line":33,"column":26},"end":{"line":null,"column":null}},"37":{"start":{"line":34,"column":8},"end":{"line":null,"column":null}},"38":{"start":{"line":35,"column":12},"end":{"line":null,"column":null}},"39":{"start":{"line":38,"column":9},"end":{"line":null,"column":null}},"40":{"start":{"line":39,"column":9},"end":{"line":null,"column":null}},"41":{"start":{"line":40,"column":9},"end":{"line":null,"column":null}},"43":{"start":{"line":49,"column":9},"end":{"line":null,"column":null}},"44":{"start":{"line":51,"column":11},"end":{"line":null,"column":null}},"45":{"start":{"line":68,"column":9},"end":{"line":null,"column":null}},"46":{"start":{"line":70,"column":11},"end":{"line":null,"column":null}},"47":{"start":{"line":92,"column":9},"end":{"line":null,"column":null}},"48":{"start":{"line":94,"column":11},"end":{"line":null,"column":null}},"49":{"start":{"line":114,"column":9},"end":{"line":null,"column":null}},"50":{"start":{"line":116,"column":11},"end":{"line":null,"column":null}},"51":{"start":{"line":140,"column":9},"end":{"line":null,"column":null}},"52":{"start":{"line":142,"column":11},"end":{"line":null,"column":null}},"53":{"start":{"line":166,"column":8},"end":{"line":null,"column":null}},"54":{"start":{"line":167,"column":12},"end":{"line":null,"column":null}}},"fnMap":{"7":{"name":"BaseRoutes","line":33,"loc":{"start":{"line":33,"column":14},"end":{"line":33,"column":41}}},"8":{"name":"index","line":48,"loc":{"start":{"line":48,"column":10},"end":{"line":48,"column":10}}},"9":{"name":"view","line":67,"loc":{"start":{"line":67,"column":9},"end":{"line":67,"column":9}}},"10":{"name":"create","line":91,"loc":{"start":{"line":91,"column":11},"end":{"line":91,"column":11}}},"11":{"name":"update","line":113,"loc":{"start":{"line":113,"column":11},"end":{"line":113,"column":11}}},"12":{"name":"remove","line":139,"loc":{"start":{"line":139,"column":11},"end":{"line":139,"column":11}}},"13":{"name":"_validateControllerHandler","line":165,"loc":{"start":{"line":165,"column":29},"end":{"line":165,"column":38}}}},"branchMap":{"10":{"line":33,"type":"cond-expr","locations":[{"start":{"line":33,"column":37},"end":{"line":33,"column":41}},{"start":{"line":0,"column":0},"end":{"line":0,"column":0},"skip":true}]},"11":{"line":33,"type":"binary-expr","locations":[{"start":{"line":33,"column":37},"end":{"line":33,"column":37}},{"start":{"line":33,"column":37},"end":{"line":33,"column":37}}]},"12":{"line":34,"type":"if","locations":[{"start":{"line":34,"column":8},"end":{"line":34,"column":8}},{"start":{"line":34,"column":8},"end":{"line":34,"column":8}}]},"13":{"line":166,"type":"if","locations":[{"start":{"line":166,"column":8},"end":{"line":166,"column":8}},{"start":{"line":166,"column":8},"end":{"line":166,"column":8}}]}}},
"/Users/Mono/Work/private/hapijs-seed-mvc/src/routes/main.routes.js":{"path":"/Users/Mono/Work/private/hapijs-seed-mvc/src/routes/main.routes.js","s":{"17":1,"18":1,"32":1,"34":1,"36":1,"38":1,"39":1,"41":1},"f":{"8":1,"9":1,"10":1},"l":{"1":1,"2":1,"8":1,"13":1,"14":1,"23":1,"40":1,"57":1},"b":{},"statementMap":{"17":{"start":{"line":1,"column":0},"end":{"line":null,"column":null}},"18":{"start":{"line":2,"column":0},"end":{"line":null,"column":null}},"32":{"start":{"line":8,"column":0},"end":{"line":null,"column":null}},"34":{"start":{"line":13,"column":16},"end":{"line":null,"column":null}},"36":{"start":{"line":14,"column":10},"end":{"line":null,"column":null}},"38":{"start":{"line":23,"column":11},"end":{"line":null,"column":null}},"39":{"start":{"line":40,"column":11},"end":{"line":null,"column":null}},"41":{"start":{"line":57,"column":15},"end":{"line":null,"column":null}}},"fnMap":{"8":{"name":"MainRoutes","line":13,"loc":{"start":{"line":13,"column":16},"end":{"line":13,"column":16}}},"9":{"name":"healthcheck","line":22,"loc":{"start":{"line":22,"column":16},"end":{"line":22,"column":16}}},"10":{"name":"staticFiles","line":39,"loc":{"start":{"line":39,"column":16},"end":{"line":39,"column":16}}}},"branchMap":{}},
"/Users/Mono/Work/private/hapijs-seed-mvc/src/routes/todo_lists.routes.js":{"path":"/Users/Mono/Work/private/hapijs-seed-mvc/src/routes/todo_lists.routes.js","s":{"32":1,"33":1,"47":1,"49":1,"51":1,"52":1,"54":1,"55":1,"56":1,"57":1,"58":1,"59":1,"60":1,"61":1,"62":1,"63":1,"64":1,"65":1,"66":1,"68":1},"f":{"9":1,"10":1,"11":1,"12":1},"l":{"1":1,"2":1,"7":1,"12":1,"13":1,"14":1,"24":1,"27":1,"28":1,"29":1,"31":1,"41":1,"44":1,"47":1,"51":1,"61":1,"64":1,"67":1,"71":1,"78":1},"b":{},"statementMap":{"32":{"start":{"line":1,"column":0},"end":{"line":null,"column":null}},"33":{"start":{"line":2,"column":0},"end":{"line":null,"column":null}},"47":{"start":{"line":7,"column":0},"end":{"line":null,"column":null}},"49":{"start":{"line":12,"column":16},"end":{"line":null,"column":null}},"51":{"start":{"line":13,"column":8},"end":{"line":null,"column":null}},"52":{"start":{"line":14,"column":10},"end":{"line":null,"column":null}},"54":{"start":{"line":24,"column":8},"end":{"line":null,"column":null}},"55":{"start":{"line":27,"column":10},"end":{"line":null,"column":null}},"56":{"start":{"line":28,"column":10},"end":{"line":null,"column":null}},"57":{"start":{"line":29,"column":10},"end":{"line":null,"column":null}},"58":{"start":{"line":31,"column":11},"end":{"line":null,"column":null}},"59":{"start":{"line":41,"column":8},"end":{"line":null,"column":null}},"60":{"start":{"line":44,"column":10},"end":{"line":null,"column":null}},"61":{"start":{"line":47,"column":10},"end":{"line":null,"column":null}},"62":{"start":{"line":51,"column":11},"end":{"line":null,"column":null}},"63":{"start":{"line":61,"column":8},"end":{"line":null,"column":null}},"64":{"start":{"line":64,"column":10},"end":{"line":null,"column":null}},"65":{"start":{"line":67,"column":10},"end":{"line":null,"column":null}},"66":{"start":{"line":71,"column":11},"end":{"line":null,"column":null}},"68":{"start":{"line":78,"column":15},"end":{"line":null,"column":null}}},"fnMap":{"9":{"name":"TodoListsRoutes","line":12,"loc":{"start":{"line":12,"column":16},"end":{"line":12,"column":16}}},"10":{"name":"viewAll","line":22,"loc":{"start":{"line":22,"column":12},"end":{"line":22,"column":12}}},"11":{"name":"create","line":39,"loc":{"start":{"line":39,"column":11},"end":{"line":39,"column":11}}},"12":{"name":"update","line":59,"loc":{"start":{"line":59,"column":11},"end":{"line":59,"column":11}}}},"branchMap":{}},
"/Users/Mono/Work/private/hapijs-seed-mvc/src/routes/todos.routes.js":{"path":"/Users/Mono/Work/private/hapijs-seed-mvc/src/routes/todos.routes.js","s":{"32":1,"33":1,"47":1,"49":1,"51":1,"52":1,"54":1,"55":1,"56":1,"57":1,"58":1,"59":1,"60":1,"61":1,"63":1},"f":{"9":1,"10":1,"11":1},"l":{"1":1,"2":1,"8":1,"13":1,"14":1,"15":1,"25":1,"28":1,"31":1,"39":1,"49":1,"52":1,"55":1,"60":1,"67":1},"b":{},"statementMap":{"32":{"start":{"line":1,"column":0},"end":{"line":null,"column":null}},"33":{"start":{"line":2,"column":0},"end":{"line":null,"column":null}},"47":{"start":{"line":8,"column":0},"end":{"line":null,"column":null}},"49":{"start":{"line":13,"column":16},"end":{"line":null,"column":null}},"51":{"start":{"line":14,"column":8},"end":{"line":null,"column":null}},"52":{"start":{"line":15,"column":10},"end":{"line":null,"column":null}},"54":{"start":{"line":25,"column":8},"end":{"line":null,"column":null}},"55":{"start":{"line":28,"column":10},"end":{"line":null,"column":null}},"56":{"start":{"line":31,"column":10},"end":{"line":null,"column":null}},"57":{"start":{"line":39,"column":11},"end":{"line":null,"column":null}},"58":{"start":{"line":49,"column":8},"end":{"line":null,"column":null}},"59":{"start":{"line":52,"column":10},"end":{"line":null,"column":null}},"60":{"start":{"line":55,"column":10},"end":{"line":null,"column":null}},"61":{"start":{"line":60,"column":11},"end":{"line":null,"column":null}},"63":{"start":{"line":67,"column":15},"end":{"line":null,"column":null}}},"fnMap":{"9":{"name":"TodosRoutes","line":13,"loc":{"start":{"line":13,"column":16},"end":{"line":13,"column":16}}},"10":{"name":"create","line":23,"loc":{"start":{"line":23,"column":11},"end":{"line":23,"column":11}}},"11":{"name":"update","line":47,"loc":{"start":{"line":47,"column":11},"end":{"line":47,"column":11}}}},"branchMap":{}}}
