TN:
SF:/Users/Mono/Work/private/hapijs-seed-mvc/src/controllers/base.controller.js
FN:20,BaseController
FN:35,replyOnResponse
FNF:2
FNH:2
FNDA:21,BaseController
FNDA:10,replyOnResponse
DA:1,1
DA:13,1
DA:20,21
DA:21,21
DA:22,21
DA:36,10
DA:37,2
DA:40,8
LF:8
LH:8
BRDA:20,8,0,1
BRDA:20,8,1,20
BRDA:20,9,0,21
BRDA:20,9,1,20
BRDA:36,10,0,2
BRDA:36,10,1,8
BRDA:36,11,0,10
BRDA:36,11,1,1
BRDA:36,11,2,9
BRF:9
BRH:9
end_of_record
TN:
SF:/Users/Mono/Work/private/hapijs-seed-mvc/src/controllers/main.controller.js
FN:12,MainController
FN:19,healthcheck
FNF:2
FNH:2
FNDA:3,MainController
FNDA:1,healthcheck
DA:1,1
DA:7,1
DA:12,1
DA:13,3
DA:20,1
LF:5
LH:5
BRF:0
BRH:0
end_of_record
TN:
SF:/Users/Mono/Work/private/hapijs-seed-mvc/src/models/Main.js
FN:12,Main
FN:21,doHealthcheck
FN:31,(anonymous_11)
FN:41,(anonymous_12)
FNF:4
FNH:4
FNDA:6,Main
FNDA:2,doHealthcheck
FNDA:1,(anonymous_11)
FNDA:1,(anonymous_12)
DA:1,1
DA:2,1
DA:7,1
DA:12,1
DA:13,6
DA:22,2
DA:23,2
DA:30,2
DA:33,1
DA:34,1
DA:39,1
DA:42,1
DA:47,1
DA:50,2
LF:14
LH:14
BRF:0
BRH:0
end_of_record
TN:
SF:/Users/Mono/Work/private/hapijs-seed-mvc/src/models/BaseModel.RDMS.js
FN:38,BaseModelRDMS
FN:54,findAll
FN:67,findBy
FN:82,findById
FN:95,save
FN:120,update
FN:128,(anonymous_13)
FN:139,remove
FN:154,del
FN:163,now
FN:187,_setTimestamps
FNF:11
FNH:11
FNDA:59,BaseModelRDMS
FNDA:1,findAll
FNDA:3,findBy
FNDA:2,findById
FNDA:4,save
FNDA:2,update
FNDA:2,(anonymous_13)
FNDA:1,remove
FNDA:1,del
FNDA:2,now
FNDA:4,_setTimestamps
DA:1,1
DA:2,1
DA:28,1
DA:38,59
DA:39,59
DA:40,1
DA:43,58
DA:44,58
DA:45,58
DA:46,58
DA:55,1
DA:68,3
DA:69,1
DA:72,2
DA:83,2
DA:96,4
DA:97,3
DA:100,4
DA:102,4
DA:104,3
DA:107,1
DA:121,2
DA:122,1
DA:125,2
DA:128,2
DA:140,1
DA:155,1
DA:164,2
DA:165,1
DA:168,1
DA:187,4
DA:188,4
DA:189,4
DA:191,4
DA:192,3
DA:195,4
DA:196,4
LF:37
LH:37
BRDA:38,8,0,58
BRDA:38,8,1,1
BRDA:38,9,0,59
BRDA:38,9,1,1
BRDA:39,10,0,1
BRDA:39,10,1,58
BRDA:68,11,0,1
BRDA:68,11,1,2
BRDA:96,12,0,3
BRDA:96,12,1,1
BRDA:102,13,0,3
BRDA:102,13,1,1
BRDA:121,14,0,1
BRDA:121,14,1,1
BRDA:164,15,0,1
BRDA:164,15,1,1
BRDA:187,16,0,3
BRDA:187,16,1,1
BRDA:187,17,0,4
BRDA:187,17,1,1
BRDA:191,18,0,3
BRDA:191,18,1,1
BRF:22
BRH:22
end_of_record
TN:
SF:/Users/Mono/Work/private/hapijs-seed-mvc/src/controllers/todo_lists.controller.js
FN:13,ToDoListsController
FN:23,index
FN:25,(anonymous_10)
FN:26,(anonymous_11)
FN:32,view
FN:36,(anonymous_13)
FN:37,(anonymous_14)
FN:43,viewAll
FN:47,(anonymous_16)
FN:48,(anonymous_17)
FN:54,create
FN:58,(anonymous_19)
FN:59,(anonymous_20)
FN:65,update
FN:70,(anonymous_22)
FN:71,(anonymous_23)
FN:77,remove
FN:81,(anonymous_25)
FN:82,(anonymous_26)
FNF:19
FNH:19
FNDA:8,ToDoListsController
FNDA:1,index
FNDA:1,(anonymous_10)
FNDA:1,(anonymous_11)
FNDA:1,view
FNDA:1,(anonymous_13)
FNDA:1,(anonymous_14)
FNDA:1,viewAll
FNDA:1,(anonymous_16)
FNDA:1,(anonymous_17)
FNDA:1,create
FNDA:1,(anonymous_19)
FNDA:1,(anonymous_20)
FNDA:1,update
FNDA:1,(anonymous_22)
FNDA:1,(anonymous_23)
FNDA:1,remove
FNDA:1,(anonymous_25)
FNDA:1,(anonymous_26)
DA:1,1
DA:2,1
DA:8,1
DA:13,1
DA:14,8
DA:16,8
DA:17,8
DA:24,1
DA:25,1
DA:26,1
DA:33,1
DA:35,1
DA:36,1
DA:37,1
DA:44,1
DA:46,1
DA:47,1
DA:48,1
DA:55,1
DA:57,1
DA:58,1
DA:59,1
DA:66,1
DA:69,1
DA:70,1
DA:71,1
DA:78,1
DA:80,1
DA:81,1
DA:82,1
LF:30
LH:30
BRF:0
BRH:0
end_of_record
TN:
SF:/Users/Mono/Work/private/hapijs-seed-mvc/src/models/ToDoList.js
FN:13,ToDoList
FN:27,findByIdWithToDos
FN:28,(anonymous_10)
FN:30,(anonymous_11)
FNF:4
FNH:4
FNDA:13,ToDoList
FNDA:2,findByIdWithToDos
FNDA:2,(anonymous_10)
FNDA:1,(anonymous_11)
DA:1,1
DA:2,1
DA:8,1
DA:13,1
DA:14,13
DA:15,13
DA:17,13
DA:28,2
DA:29,2
DA:30,1
DA:31,1
DA:32,1
DA:36,1
LF:13
LH:13
BRDA:29,14,0,1
BRDA:29,14,1,1
BRF:2
BRH:2
end_of_record
TN:
SF:/Users/Mono/Work/private/hapijs-seed-mvc/src/models/ToDo.js
FN:12,ToDo
FNF:1
FNH:1
FNDA:22,ToDo
DA:1,1
DA:7,1
DA:12,1
DA:13,22
DA:14,22
LF:5
LH:5
BRF:0
BRH:0
end_of_record
TN:
SF:/Users/Mono/Work/private/hapijs-seed-mvc/src/controllers/todos.controller.js
FN:13,ToDosController
FN:23,index
FN:25,(anonymous_10)
FN:26,(anonymous_11)
FN:32,view
FN:36,(anonymous_13)
FN:37,(anonymous_14)
FN:43,create
FN:47,(anonymous_16)
FN:48,(anonymous_17)
FN:54,update
FN:59,(anonymous_19)
FN:60,(anonymous_20)
FN:66,remove
FN:70,(anonymous_22)
FN:71,(anonymous_23)
FNF:16
FNH:16
FNDA:7,ToDosController
FNDA:1,index
FNDA:1,(anonymous_10)
FNDA:1,(anonymous_11)
FNDA:1,view
FNDA:1,(anonymous_13)
FNDA:1,(anonymous_14)
FNDA:1,create
FNDA:1,(anonymous_16)
FNDA:1,(anonymous_17)
FNDA:1,update
FNDA:1,(anonymous_19)
FNDA:1,(anonymous_20)
FNDA:1,remove
FNDA:1,(anonymous_22)
FNDA:1,(anonymous_23)
DA:1,1
DA:2,1
DA:8,1
DA:13,1
DA:14,7
DA:16,7
DA:17,7
DA:24,1
DA:25,1
DA:26,1
DA:33,1
DA:35,1
DA:36,1
DA:37,1
DA:44,1
DA:46,1
DA:47,1
DA:48,1
DA:55,1
DA:58,1
DA:59,1
DA:60,1
DA:67,1
DA:69,1
DA:70,1
DA:71,1
LF:26
LH:26
BRF:0
BRH:0
end_of_record
TN:
SF:/Users/Mono/Work/private/hapijs-seed-mvc/src/routes/base.routes.js
FN:33,BaseRoutes
FN:48,index
FN:67,view
FN:91,create
FN:113,update
FN:139,remove
FN:165,_validateControllerHandler
FNF:7
FNH:7
FNDA:13,BaseRoutes
FNDA:4,index
FNDA:4,view
FNDA:3,create
FNDA:3,update
FNDA:3,remove
FNDA:17,_validateControllerHandler
DA:1,1
DA:23,1
DA:33,13
DA:34,13
DA:35,1
DA:38,12
DA:39,12
DA:40,12
DA:49,4
DA:51,3
DA:68,4
DA:70,4
DA:92,3
DA:94,3
DA:114,3
DA:116,3
DA:140,3
DA:142,3
DA:166,17
DA:167,1
LF:20
LH:20
BRDA:33,10,0,3
BRDA:33,10,1,10
BRDA:33,11,0,13
BRDA:33,11,1,10
BRDA:34,12,0,1
BRDA:34,12,1,12
BRDA:166,13,0,1
BRDA:166,13,1,16
BRF:8
BRH:8
end_of_record
TN:
SF:/Users/Mono/Work/private/hapijs-seed-mvc/src/routes/main.routes.js
FN:13,MainRoutes
FN:22,healthcheck
FN:39,staticFiles
FNF:3
FNH:3
FNDA:1,MainRoutes
FNDA:1,healthcheck
FNDA:1,staticFiles
DA:1,1
DA:2,1
DA:8,1
DA:13,1
DA:14,1
DA:23,1
DA:40,1
DA:57,1
LF:8
LH:8
BRF:0
BRH:0
end_of_record
TN:
SF:/Users/Mono/Work/private/hapijs-seed-mvc/src/routes/todo_lists.routes.js
FN:12,TodoListsRoutes
FN:22,viewAll
FN:39,create
FN:59,update
FNF:4
FNH:4
FNDA:1,TodoListsRoutes
FNDA:1,viewAll
FNDA:1,create
FNDA:1,update
DA:1,1
DA:2,1
DA:7,1
DA:12,1
DA:13,1
DA:14,1
DA:24,1
DA:27,1
DA:28,1
DA:29,1
DA:31,1
DA:41,1
DA:44,1
DA:47,1
DA:51,1
DA:61,1
DA:64,1
DA:67,1
DA:71,1
DA:78,1
LF:20
LH:20
BRF:0
BRH:0
end_of_record
TN:
SF:/Users/Mono/Work/private/hapijs-seed-mvc/src/routes/todos.routes.js
FN:13,TodosRoutes
FN:23,create
FN:47,update
FNF:3
FNH:3
FNDA:1,TodosRoutes
FNDA:1,create
FNDA:1,update
DA:1,1
DA:2,1
DA:8,1
DA:13,1
DA:14,1
DA:15,1
DA:25,1
DA:28,1
DA:31,1
DA:39,1
DA:49,1
DA:52,1
DA:55,1
DA:60,1
DA:67,1
LF:15
LH:15
BRF:0
BRH:0
end_of_record
